<?xml version="1.0" encoding="UTF-8"?>
<!-- Generated by org.testng.reporters.JUnitReportReporter -->
<testsuite hostname="DESKTOP-LNAFOEG" failures="0" tests="4" name="com.paramount.tests.Login" time="32.441" errors="0" timestamp="2024-08-04T19:30:44 IST" skipped="0">
  <testcase classname="com.paramount.tests.Login" name="verifyLoginWithValidCredentials" time="5.448"/>
  <testcase classname="com.paramount.tests.Login" name="verifyLoginWithInvalidCredentials" time="15.655"/>
  <testcase classname="com.paramount.tests.Login" name="verifyLoginWithInvalidUsername" time="5.644"/>
  <testcase classname="com.paramount.tests.Login" name="verifyLoginWithInvalidPassword" time="5.694"/>
</testsuite> <!-- com.paramount.tests.Login -->
